[2020-04-03 10:40:02] dev.ERROR: Cms\Classes\CmsException: The partial 'site/header' is not found. in /Users/Muriel/Sites/projetTestOctoberCMS/modules/cms/Classes/Controller.php:1027
Stack trace:
#0 /Users/Muriel/Sites/projetTestOctoberCMS/modules/cms/Twig/Extension.php(102): Cms\Classes\Controller->renderPartial('site/header', Array, true)
#1 /Users/Muriel/Sites/projetTestOctoberCMS/storage/cms/twig/8a/8a8b8a14ad9f36650263a316795d8c216c057ae53da94d5adb041182cf93280a.php(81): Cms\Twig\Extension->partialFunction('site/header', Array, true)
#2 /Users/Muriel/Sites/projetTestOctoberCMS/vendor/twig/twig/src/Template.php(407): __TwigTemplate_e47801fd8c9fbcd1872746df5c8fbfec1155d1f18540da442b5c17ae26a9cca6->doDisplay(Array, Array)
#3 /Users/Muriel/Sites/projetTestOctoberCMS/vendor/twig/twig/src/Template.php(380): Twig\Template->displayWithErrorHandling(Array, Array)
#4 /Users/Muriel/Sites/projetTestOctoberCMS/vendor/twig/twig/src/Template.php(392): Twig\Template->display(Array)
#5 /Users/Muriel/Sites/projetTestOctoberCMS/modules/cms/Classes/Controller.php(433): Twig\Template->render(Array)
#6 /Users/Muriel/Sites/projetTestOctoberCMS/modules/cms/Classes/Controller.php(223): Cms\Classes\Controller->runPage(Object(Cms\Classes\Page))
#7 /Users/Muriel/Sites/projetTestOctoberCMS/modules/cms/Classes/CmsController.php(50): Cms\Classes\Controller->run('/')
#8 [internal function]: Cms\Classes\CmsController->run('/')
#9 /Users/Muriel/Sites/projetTestOctoberCMS/vendor/laravel/framework/src/Illuminate/Routing/Controller.php(54): call_user_func_array(Array, Array)
#10 /Users/Muriel/Sites/projetTestOctoberCMS/vendor/laravel/framework/src/Illuminate/Routing/ControllerDispatcher.php(45): Illuminate\Routing\Controller->callAction('run', Array)
#11 /Users/Muriel/Sites/projetTestOctoberCMS/vendor/laravel/framework/src/Illuminate/Routing/Route.php(212): Illuminate\Routing\ControllerDispatcher->dispatch(Object(Illuminate\Routing\Route), Object(Cms\Classes\CmsController), 'run')
#12 /Users/Muriel/Sites/projetTestOctoberCMS/vendor/laravel/framework/src/Illuminate/Routing/Route.php(169): Illuminate\Routing\Route->runController()
#13 /Users/Muriel/Sites/projetTestOctoberCMS/vendor/laravel/framework/src/Illuminate/Routing/Router.php(658): Illuminate\Routing\Route->run()
#14 /Users/Muriel/Sites/projetTestOctoberCMS/vendor/laravel/framework/src/Illuminate/Routing/Pipeline.php(30): Illuminate\Routing\Router->Illuminate\Routing\{closure}(Object(Illuminate\Http\Request))
#15 /Users/Muriel/Sites/projetTestOctoberCMS/vendor/laravel/framework/src/Illuminate/Routing/Middleware/SubstituteBindings.php(41): Illuminate\Routing\Pipeline->Illuminate\Routing\{closure}(Object(Illuminate\Http\Request))
#16 /Users/Muriel/Sites/projetTestOctoberCMS/vendor/laravel/framework/src/Illuminate/Pipeline/Pipeline.php(149): Illuminate\Routing\Middleware\SubstituteBindings->handle(Object(Illuminate\Http\Request), Object(Closure))
#17 /Users/Muriel/Sites/projetTestOctoberCMS/vendor/laravel/framework/src/Illuminate/Routing/Pipeline.php(53): Illuminate\Pipeline\Pipeline->Illuminate\Pipeline\{closure}(Object(Illuminate\Http\Request))
#18 /Users/Muriel/Sites/projetTestOctoberCMS/vendor/laravel/framework/src/Illuminate/View/Middleware/ShareErrorsFromSession.php(49): Illuminate\Routing\Pipeline->Illuminate\Routing\{closure}(Object(Illuminate\Http\Request))
#19 /Users/Muriel/Sites/projetTestOctoberCMS/vendor/laravel/framework/src/Illuminate/Pipeline/Pipeline.php(149): Illuminate\View\Middleware\ShareErrorsFromSession->handle(Object(Illuminate\Http\Request), Object(Closure))
#20 /Users/Muriel/Sites/projetTestOctoberCMS/vendor/laravel/framework/src/Illuminate/Routing/Pipeline.php(53): Illuminate\Pipeline\Pipeline->Illuminate\Pipeline\{closure}(Object(Illuminate\Http\Request))
#21 /Users/Muriel/Sites/projetTestOctoberCMS/vendor/laravel/framework/src/Illuminate/Session/Middleware/StartSession.php(63): Illuminate\Routing\Pipeline->Illuminate\Routing\{closure}(Object(Illuminate\Http\Request))
#22 /Users/Muriel/Sites/projetTestOctoberCMS/vendor/laravel/framework/src/Illuminate/Pipeline/Pipeline.php(149): Illuminate\Session\Middleware\StartSession->handle(Object(Illuminate\Http\Request), Object(Closure))
#23 /Users/Muriel/Sites/projetTestOctoberCMS/vendor/laravel/framework/src/Illuminate/Routing/Pipeline.php(53): Illuminate\Pipeline\Pipeline->Illuminate\Pipeline\{closure}(Object(Illuminate\Http\Request))
#24 /Users/Muriel/Sites/projetTestOctoberCMS/vendor/laravel/framework/src/Illuminate/Cookie/Middleware/AddQueuedCookiesToResponse.php(37): Illuminate\Routing\Pipeline->Illuminate\Routing\{closure}(Object(Illuminate\Http\Request))
#25 /Users/Muriel/Sites/projetTestOctoberCMS/vendor/laravel/framework/src/Illuminate/Pipeline/Pipeline.php(149): Illuminate\Cookie\Middleware\AddQueuedCookiesToResponse->handle(Object(Illuminate\Http\Request), Object(Closure))
#26 /Users/Muriel/Sites/projetTestOctoberCMS/vendor/laravel/framework/src/Illuminate/Routing/Pipeline.php(53): Illuminate\Pipeline\Pipeline->Illuminate\Pipeline\{closure}(Object(Illuminate\Http\Request))
#27 /Users/Muriel/Sites/projetTestOctoberCMS/vendor/laravel/framework/src/Illuminate/Cookie/Middleware/EncryptCookies.php(66): Illuminate\Routing\Pipeline->Illuminate\Routing\{closure}(Object(Illuminate\Http\Request))
#28 /Users/Muriel/Sites/projetTestOctoberCMS/vendor/laravel/framework/src/Illuminate/Pipeline/Pipeline.php(149): Illuminate\Cookie\Middleware\EncryptCookies->handle(Object(Illuminate\Http\Request), Object(Closure))
#29 /Users/Muriel/Sites/projetTestOctoberCMS/vendor/laravel/framework/src/Illuminate/Routing/Pipeline.php(53): Illuminate\Pipeline\Pipeline->Illuminate\Pipeline\{closure}(Object(Illuminate\Http\Request))
#30 /Users/Muriel/Sites/projetTestOctoberCMS/vendor/laravel/framework/src/Illuminate/Pipeline/Pipeline.php(102): Illuminate\Routing\Pipeline->Illuminate\Routing\{closure}(Object(Illuminate\Http\Request))
#31 /Users/Muriel/Sites/projetTestOctoberCMS/vendor/laravel/framework/src/Illuminate/Routing/Router.php(660): Illuminate\Pipeline\Pipeline->then(Object(Closure))
#32 /Users/Muriel/Sites/projetTestOctoberCMS/vendor/laravel/framework/src/Illuminate/Routing/Router.php(635): Illuminate\Routing\Router->runRouteWithinStack(Object(Illuminate\Routing\Route), Object(Illuminate\Http\Request))
#33 /Users/Muriel/Sites/projetTestOctoberCMS/vendor/laravel/framework/src/Illuminate/Routing/Router.php(601): Illuminate\Routing\Router->runRoute(Object(Illuminate\Http\Request), Object(Illuminate\Routing\Route))
#34 /Users/Muriel/Sites/projetTestOctoberCMS/vendor/october/rain/src/Router/CoreRouter.php(20): Illuminate\Routing\Router->dispatchToRoute(Object(Illuminate\Http\Request))
#35 /Users/Muriel/Sites/projetTestOctoberCMS/vendor/laravel/framework/src/Illuminate/Foundation/Http/Kernel.php(176): October\Rain\Router\CoreRouter->dispatch(Object(Illuminate\Http\Request))
#36 /Users/Muriel/Sites/projetTestOctoberCMS/vendor/laravel/framework/src/Illuminate/Routing/Pipeline.php(30): Illuminate\Foundation\Http\Kernel->Illuminate\Foundation\Http\{closure}(Object(Illuminate\Http\Request))
#37 /Users/Muriel/Sites/projetTestOctoberCMS/vendor/laravel/framework/src/Illuminate/Foundation/Http/Middleware/CheckForMaintenanceMode.php(46): Illuminate\Routing\Pipeline->Illuminate\Routing\{closure}(Object(Illuminate\Http\Request))
#38 /Users/Muriel/Sites/projetTestOctoberCMS/vendor/october/rain/src/Foundation/Http/Middleware/CheckForMaintenanceMode.php(24): Illuminate\Foundation\Http\Middleware\CheckForMaintenanceMode->handle(Object(Illuminate\Http\Request), Object(Closure))
#39 /Users/Muriel/Sites/projetTestOctoberCMS/vendor/laravel/framework/src/Illuminate/Pipeline/Pipeline.php(149): October\Rain\Foundation\Http\Middleware\CheckForMaintenanceMode->handle(Object(Illuminate\Http\Request), Object(Closure))
#40 /Users/Muriel/Sites/projetTestOctoberCMS/vendor/laravel/framework/src/Illuminate/Routing/Pipeline.php(53): Illuminate\Pipeline\Pipeline->Illuminate\Pipeline\{closure}(Object(Illuminate\Http\Request))
#41 /Users/Muriel/Sites/projetTestOctoberCMS/vendor/laravel/framework/src/Illuminate/Pipeline/Pipeline.php(102): Illuminate\Routing\Pipeline->Illuminate\Routing\{closure}(Object(Illuminate\Http\Request))
#42 /Users/Muriel/Sites/projetTestOctoberCMS/vendor/laravel/framework/src/Illuminate/Foundation/Http/Kernel.php(151): Illuminate\Pipeline\Pipeline->then(Object(Closure))
#43 /Users/Muriel/Sites/projetTestOctoberCMS/vendor/laravel/framework/src/Illuminate/Foundation/Http/Kernel.php(116): Illuminate\Foundation\Http\Kernel->sendRequestThroughRouter(Object(Illuminate\Http\Request))
#44 /Users/Muriel/Sites/projetTestOctoberCMS/index.php(43): Illuminate\Foundation\Http\Kernel->handle(Object(Illuminate\Http\Request))
#45 {main}

Next Twig\Error\RuntimeError: An exception has been thrown during the rendering of a template ("The partial 'site/header' is not found.") in "/Users/Muriel/Sites/projetTestOctoberCMS/themes/olympos/layouts/default.htm" at line 20. in /Users/Muriel/Sites/projetTestOctoberCMS/vendor/twig/twig/src/Template.php:421
Stack trace:
#0 /Users/Muriel/Sites/projetTestOctoberCMS/vendor/twig/twig/src/Template.php(380): Twig\Template->displayWithErrorHandling(Array, Array)
#1 /Users/Muriel/Sites/projetTestOctoberCMS/vendor/twig/twig/src/Template.php(392): Twig\Template->display(Array)
#2 /Users/Muriel/Sites/projetTestOctoberCMS/modules/cms/Classes/Controller.php(433): Twig\Template->render(Array)
#3 /Users/Muriel/Sites/projetTestOctoberCMS/modules/cms/Classes/Controller.php(223): Cms\Classes\Controller->runPage(Object(Cms\Classes\Page))
#4 /Users/Muriel/Sites/projetTestOctoberCMS/modules/cms/Classes/CmsController.php(50): Cms\Classes\Controller->run('/')
#5 [internal function]: Cms\Classes\CmsController->run('/')
#6 /Users/Muriel/Sites/projetTestOctoberCMS/vendor/laravel/framework/src/Illuminate/Routing/Controller.php(54): call_user_func_array(Array, Array)
#7 /Users/Muriel/Sites/projetTestOctoberCMS/vendor/laravel/framework/src/Illuminate/Routing/ControllerDispatcher.php(45): Illuminate\Routing\Controller->callAction('run', Array)
#8 /Users/Muriel/Sites/projetTestOctoberCMS/vendor/laravel/framework/src/Illuminate/Routing/Route.php(212): Illuminate\Routing\ControllerDispatcher->dispatch(Object(Illuminate\Routing\Route), Object(Cms\Classes\CmsController), 'run')
#9 /Users/Muriel/Sites/projetTestOctoberCMS/vendor/laravel/framework/src/Illuminate/Routing/Route.php(169): Illuminate\Routing\Route->runController()
#10 /Users/Muriel/Sites/projetTestOctoberCMS/vendor/laravel/framework/src/Illuminate/Routing/Router.php(658): Illuminate\Routing\Route->run()
#11 /Users/Muriel/Sites/projetTestOctoberCMS/vendor/laravel/framework/src/Illuminate/Routing/Pipeline.php(30): Illuminate\Routing\Router->Illuminate\Routing\{closure}(Object(Illuminate\Http\Request))
#12 /Users/Muriel/Sites/projetTestOctoberCMS/vendor/laravel/framework/src/Illuminate/Routing/Middleware/SubstituteBindings.php(41): Illuminate\Routing\Pipeline->Illuminate\Routing\{closure}(Object(Illuminate\Http\Request))
#13 /Users/Muriel/Sites/projetTestOctoberCMS/vendor/laravel/framework/src/Illuminate/Pipeline/Pipeline.php(149): Illuminate\Routing\Middleware\SubstituteBindings->handle(Object(Illuminate\Http\Request), Object(Closure))
#14 /Users/Muriel/Sites/projetTestOctoberCMS/vendor/laravel/framework/src/Illuminate/Routing/Pipeline.php(53): Illuminate\Pipeline\Pipeline->Illuminate\Pipeline\{closure}(Object(Illuminate\Http\Request))
#15 /Users/Muriel/Sites/projetTestOctoberCMS/vendor/laravel/framework/src/Illuminate/View/Middleware/ShareErrorsFromSession.php(49): Illuminate\Routing\Pipeline->Illuminate\Routing\{closure}(Object(Illuminate\Http\Request))
#16 /Users/Muriel/Sites/projetTestOctoberCMS/vendor/laravel/framework/src/Illuminate/Pipeline/Pipeline.php(149): Illuminate\View\Middleware\ShareErrorsFromSession->handle(Object(Illuminate\Http\Request), Object(Closure))
#17 /Users/Muriel/Sites/projetTestOctoberCMS/vendor/laravel/framework/src/Illuminate/Routing/Pipeline.php(53): Illuminate\Pipeline\Pipeline->Illuminate\Pipeline\{closure}(Object(Illuminate\Http\Request))
#18 /Users/Muriel/Sites/projetTestOctoberCMS/vendor/laravel/framework/src/Illuminate/Session/Middleware/StartSession.php(63): Illuminate\Routing\Pipeline->Illuminate\Routing\{closure}(Object(Illuminate\Http\Request))
#19 /Users/Muriel/Sites/projetTestOctoberCMS/vendor/laravel/framework/src/Illuminate/Pipeline/Pipeline.php(149): Illuminate\Session\Middleware\StartSession->handle(Object(Illuminate\Http\Request), Object(Closure))
#20 /Users/Muriel/Sites/projetTestOctoberCMS/vendor/laravel/framework/src/Illuminate/Routing/Pipeline.php(53): Illuminate\Pipeline\Pipeline->Illuminate\Pipeline\{closure}(Object(Illuminate\Http\Request))
#21 /Users/Muriel/Sites/projetTestOctoberCMS/vendor/laravel/framework/src/Illuminate/Cookie/Middleware/AddQueuedCookiesToResponse.php(37): Illuminate\Routing\Pipeline->Illuminate\Routing\{closure}(Object(Illuminate\Http\Request))
#22 /Users/Muriel/Sites/projetTestOctoberCMS/vendor/laravel/framework/src/Illuminate/Pipeline/Pipeline.php(149): Illuminate\Cookie\Middleware\AddQueuedCookiesToResponse->handle(Object(Illuminate\Http\Request), Object(Closure))
#23 /Users/Muriel/Sites/projetTestOctoberCMS/vendor/laravel/framework/src/Illuminate/Routing/Pipeline.php(53): Illuminate\Pipeline\Pipeline->Illuminate\Pipeline\{closure}(Object(Illuminate\Http\Request))
#24 /Users/Muriel/Sites/projetTestOctoberCMS/vendor/laravel/framework/src/Illuminate/Cookie/Middleware/EncryptCookies.php(66): Illuminate\Routing\Pipeline->Illuminate\Routing\{closure}(Object(Illuminate\Http\Request))
#25 /Users/Muriel/Sites/projetTestOctoberCMS/vendor/laravel/framework/src/Illuminate/Pipeline/Pipeline.php(149): Illuminate\Cookie\Middleware\EncryptCookies->handle(Object(Illuminate\Http\Request), Object(Closure))
#26 /Users/Muriel/Sites/projetTestOctoberCMS/vendor/laravel/framework/src/Illuminate/Routing/Pipeline.php(53): Illuminate\Pipeline\Pipeline->Illuminate\Pipeline\{closure}(Object(Illuminate\Http\Request))
#27 /Users/Muriel/Sites/projetTestOctoberCMS/vendor/laravel/framework/src/Illuminate/Pipeline/Pipeline.php(102): Illuminate\Routing\Pipeline->Illuminate\Routing\{closure}(Object(Illuminate\Http\Request))
#28 /Users/Muriel/Sites/projetTestOctoberCMS/vendor/laravel/framework/src/Illuminate/Routing/Router.php(660): Illuminate\Pipeline\Pipeline->then(Object(Closure))
#29 /Users/Muriel/Sites/projetTestOctoberCMS/vendor/laravel/framework/src/Illuminate/Routing/Router.php(635): Illuminate\Routing\Router->runRouteWithinStack(Object(Illuminate\Routing\Route), Object(Illuminate\Http\Request))
#30 /Users/Muriel/Sites/projetTestOctoberCMS/vendor/laravel/framework/src/Illuminate/Routing/Router.php(601): Illuminate\Routing\Router->runRoute(Object(Illuminate\Http\Request), Object(Illuminate\Routing\Route))
#31 /Users/Muriel/Sites/projetTestOctoberCMS/vendor/october/rain/src/Router/CoreRouter.php(20): Illuminate\Routing\Router->dispatchToRoute(Object(Illuminate\Http\Request))
#32 /Users/Muriel/Sites/projetTestOctoberCMS/vendor/laravel/framework/src/Illuminate/Foundation/Http/Kernel.php(176): October\Rain\Router\CoreRouter->dispatch(Object(Illuminate\Http\Request))
#33 /Users/Muriel/Sites/projetTestOctoberCMS/vendor/laravel/framework/src/Illuminate/Routing/Pipeline.php(30): Illuminate\Foundation\Http\Kernel->Illuminate\Foundation\Http\{closure}(Object(Illuminate\Http\Request))
#34 /Users/Muriel/Sites/projetTestOctoberCMS/vendor/laravel/framework/src/Illuminate/Foundation/Http/Middleware/CheckForMaintenanceMode.php(46): Illuminate\Routing\Pipeline->Illuminate\Routing\{closure}(Object(Illuminate\Http\Request))
#35 /Users/Muriel/Sites/projetTestOctoberCMS/vendor/october/rain/src/Foundation/Http/Middleware/CheckForMaintenanceMode.php(24): Illuminate\Foundation\Http\Middleware\CheckForMaintenanceMode->handle(Object(Illuminate\Http\Request), Object(Closure))
#36 /Users/Muriel/Sites/projetTestOctoberCMS/vendor/laravel/framework/src/Illuminate/Pipeline/Pipeline.php(149): October\Rain\Foundation\Http\Middleware\CheckForMaintenanceMode->handle(Object(Illuminate\Http\Request), Object(Closure))
#37 /Users/Muriel/Sites/projetTestOctoberCMS/vendor/laravel/framework/src/Illuminate/Routing/Pipeline.php(53): Illuminate\Pipeline\Pipeline->Illuminate\Pipeline\{closure}(Object(Illuminate\Http\Request))
#38 /Users/Muriel/Sites/projetTestOctoberCMS/vendor/laravel/framework/src/Illuminate/Pipeline/Pipeline.php(102): Illuminate\Routing\Pipeline->Illuminate\Routing\{closure}(Object(Illuminate\Http\Request))
#39 /Users/Muriel/Sites/projetTestOctoberCMS/vendor/laravel/framework/src/Illuminate/Foundation/Http/Kernel.php(151): Illuminate\Pipeline\Pipeline->then(Object(Closure))
#40 /Users/Muriel/Sites/projetTestOctoberCMS/vendor/laravel/framework/src/Illuminate/Foundation/Http/Kernel.php(116): Illuminate\Foundation\Http\Kernel->sendRequestThroughRouter(Object(Illuminate\Http\Request))
#41 /Users/Muriel/Sites/projetTestOctoberCMS/index.php(43): Illuminate\Foundation\Http\Kernel->handle(Object(Illuminate\Http\Request))
#42 {main}  
